<?xml version="1.0" encoding="UTF-8"?>
<!-- Generated by org.testng.reporters.JUnitXMLReporter -->
<testsuite hostname="Kunal-PC" name="Test" tests="3" failures="0" timestamp="28 Jan 2023 11:25:35 GMT" time="0.063" errors="0">
  <testcase name="devsheelaPG" time="0.016" classname="com.BangaloreFriend.PracticeWith_Friend2jyot"/>
  <testcase name="created" time="0.0" classname="com.BangaloreFriend.Akhilesh"/>
  <testcase name="practice" time="0.0" classname="com.BangaloreFriend.PracticeWith_Friend"/>
</testsuite> <!-- Test -->
